<?xml version="1.0" encoding="UTF-8"?>
<!-- Generated by org.testng.reporters.JUnitXMLReporter -->
<testsuite ignored="0" hostname="DESKTOP-7EUDCAL" failures="0" tests="3" name="SauceTests" time="23.124" errors="0" timestamp="2024-06-25T22:53:42 GMT-03:00">
  <testcase classname="SauceTests.AddToCartTest" name="addtocart" time="9.243"/>
  <testcase classname="SauceTests.LogoutTest" name="logout" time="7.534"/>
  <testcase classname="SauceTests.LoginTest" name="login" time="6.235"/>
</testsuite> <!-- SauceTests -->
