<?xml version="1.0" encoding="UTF-8"?>
<!-- Generated by org.testng.reporters.JUnitXMLReporter -->
<testsuite ignored="0" hostname="DESKTOP-7EUDCAL" failures="0" tests="3" name="Test" time="8.338" errors="0" timestamp="2024-06-27T23:03:01 GMT-03:00">
  <testcase classname="Parallel_Execution.Parallel_Execution" name="test1" time="7.195"/>
  <testcase classname="Parallel_Execution.Parallel_Execution" name="test2" time="7.661"/>
  <testcase classname="Parallel_Execution.Parallel_Execution" name="test3" time="8.278"/>
</testsuite> <!-- Test -->
