<?xml version="1.0" encoding="UTF-8"?>
<testng-results ignored="0" total="2" passed="2" failed="0" skipped="0">
  <reporter-output>
  </reporter-output>
  <suite started-at="2024-06-27T23:06:27 GMT-03:00" name="Suite" finished-at="2024-06-27T23:06:27 GMT-03:00" duration-ms="186">
    <groups>
    </groups>
    <test started-at="2024-06-27T23:06:27 GMT-03:00" name="sauce test chrome" finished-at="2024-06-27T23:06:27 GMT-03:00" duration-ms="75">
      <class name="Parameters.ParameterTest">
        <test-method signature="logintest(java.lang.String,java.lang.String,java.lang.String,java.lang.String)[pri:0, instance:Parameters.ParameterTest@306cf3ea]" started-at="2024-06-27T23:06:27 GMT-03:00" name="logintest" finished-at="2024-06-27T23:06:27 GMT-03:00" duration-ms="9" status="PASS">
          <params>
            <param index="0">
              <value>
                <![CDATA[chrome]]>
              </value>
            </param>
            <param index="1">
              <value>
                <![CDATA[https://www.saucedemo.com/]]>
              </value>
            </param>
            <param index="2">
              <value>
                <![CDATA[standard_user]]>
              </value>
            </param>
            <param index="3">
              <value>
                <![CDATA[secret_sauce]]>
              </value>
            </param>
          </params>
          <reporter-output>
          </reporter-output>
        </test-method> <!-- logintest -->
      </class> <!-- Parameters.ParameterTest -->
    </test> <!-- sauce test chrome -->
    <test started-at="2024-06-27T23:06:27 GMT-03:00" name="sauce test firefox" finished-at="2024-06-27T23:06:27 GMT-03:00" duration-ms="4">
      <class name="Parameters.ParameterTest">
        <test-method signature="logintest(java.lang.String,java.lang.String,java.lang.String,java.lang.String)[pri:0, instance:Parameters.ParameterTest@6bedbc4d]" started-at="2024-06-27T23:06:27 GMT-03:00" name="logintest" finished-at="2024-06-27T23:06:27 GMT-03:00" duration-ms="1" status="PASS">
          <params>
            <param index="0">
              <value>
                <![CDATA[firefox]]>
              </value>
            </param>
            <param index="1">
              <value>
                <![CDATA[https://www.saucedemo.com/]]>
              </value>
            </param>
            <param index="2">
              <value>
                <![CDATA[standard_user]]>
              </value>
            </param>
            <param index="3">
              <value>
                <![CDATA[secret_sauce]]>
              </value>
            </param>
          </params>
          <reporter-output>
          </reporter-output>
        </test-method> <!-- logintest -->
      </class> <!-- Parameters.ParameterTest -->
    </test> <!-- sauce test firefox -->
  </suite> <!-- Suite -->
</testng-results>
