<?xml version="1.0" encoding="UTF-8"?>
<!-- Generated by org.testng.reporters.JUnitXMLReporter -->
<testsuite ignored="0" hostname="DESKTOP-7EUDCAL" failures="0" tests="5" name="Test" time="27.864" errors="0" timestamp="2024-07-02T22:53:49 GMT-03:00">
  <testcase classname="com.sauce.testcases.LoginTest" name="invalidLogin" time="0.755"/>
  <testcase classname="com.sauce.testcases.LoginTest" name="validLogin" time="0.913"/>
  <testcase classname="com.sauce.testcases.HomeTest" name="addtocart" time="0.857"/>
  <testcase classname="com.sauce.testcases.HomeTest" name="filter" time="0.968"/>
  <testcase classname="com.sauce.testcases.HomeTest" name="removeFromCart" time="2.807"/>
</testsuite> <!-- Test -->
