<?xml version="1.0" encoding="UTF-8"?>
<!-- Generated by org.testng.reporters.JUnitXMLReporter -->
<testsuite ignored="0" hostname="DESKTOP-7EUDCAL" failures="0" tests="3" name="Default test" time="16.27" errors="0" timestamp="2024-06-27T22:59:13 GMT-03:00">
  <testcase classname="Parallel_Execution.Parallel_Execution" name="test1" time="6.19"/>
  <testcase classname="Parallel_Execution.Parallel_Execution" name="test2" time="4.679"/>
  <testcase classname="Parallel_Execution.Parallel_Execution" name="test3" time="5.338"/>
</testsuite> <!-- Default test -->
