<?xml version="1.0" encoding="UTF-8"?>
<testng-results ignored="0" total="5" passed="5" failed="0" skipped="0">
  <reporter-output>
  </reporter-output>
  <suite started-at="2024-07-02T22:53:21 GMT-03:00" name="Suite" finished-at="2024-07-02T22:53:49 GMT-03:00" duration-ms="27864">
    <groups>
    </groups>
    <test started-at="2024-07-02T22:53:21 GMT-03:00" name="Test" finished-at="2024-07-02T22:53:49 GMT-03:00" duration-ms="27864">
      <class name="com.sauce.testcases.HomeTest">
        <test-method is-config="true" signature="init()[pri:0, instance:com.sauce.testcases.HomeTest@1151e434]" started-at="2024-07-02T22:53:30 GMT-03:00" name="init" finished-at="2024-07-02T22:53:32 GMT-03:00" duration-ms="2573" status="PASS">
          <reporter-output>
          </reporter-output>
        </test-method> <!-- init -->
        <test-method signature="addtocart()[pri:0, instance:com.sauce.testcases.HomeTest@1151e434]" started-at="2024-07-02T22:53:32 GMT-03:00" name="addtocart" finished-at="2024-07-02T22:53:33 GMT-03:00" duration-ms="857" status="PASS">
          <reporter-output>
          </reporter-output>
        </test-method> <!-- addtocart -->
        <test-method is-config="true" signature="teardown()[pri:0, instance:com.sauce.testcases.HomeTest@1151e434]" started-at="2024-07-02T22:53:33 GMT-03:00" name="teardown" finished-at="2024-07-02T22:53:36 GMT-03:00" duration-ms="2260" status="PASS">
          <reporter-output>
          </reporter-output>
        </test-method> <!-- teardown -->
        <test-method is-config="true" signature="init()[pri:0, instance:com.sauce.testcases.HomeTest@1151e434]" started-at="2024-07-02T22:53:36 GMT-03:00" name="init" finished-at="2024-07-02T22:53:38 GMT-03:00" duration-ms="2632" status="PASS">
          <reporter-output>
          </reporter-output>
        </test-method> <!-- init -->
        <test-method signature="filter()[pri:0, instance:com.sauce.testcases.HomeTest@1151e434]" started-at="2024-07-02T22:53:38 GMT-03:00" name="filter" finished-at="2024-07-02T22:53:39 GMT-03:00" duration-ms="968" status="PASS">
          <reporter-output>
          </reporter-output>
        </test-method> <!-- filter -->
        <test-method is-config="true" signature="teardown()[pri:0, instance:com.sauce.testcases.HomeTest@1151e434]" started-at="2024-07-02T22:53:39 GMT-03:00" name="teardown" finished-at="2024-07-02T22:53:41 GMT-03:00" duration-ms="2261" status="PASS">
          <reporter-output>
          </reporter-output>
        </test-method> <!-- teardown -->
        <test-method is-config="true" signature="init()[pri:0, instance:com.sauce.testcases.HomeTest@1151e434]" started-at="2024-07-02T22:53:41 GMT-03:00" name="init" finished-at="2024-07-02T22:53:44 GMT-03:00" duration-ms="2638" status="PASS">
          <reporter-output>
          </reporter-output>
        </test-method> <!-- init -->
        <test-method signature="removeFromCart()[pri:0, instance:com.sauce.testcases.HomeTest@1151e434]" started-at="2024-07-02T22:53:44 GMT-03:00" name="removeFromCart" finished-at="2024-07-02T22:53:47 GMT-03:00" duration-ms="2807" status="PASS">
          <reporter-output>
          </reporter-output>
        </test-method> <!-- removeFromCart -->
        <test-method is-config="true" signature="teardown()[pri:0, instance:com.sauce.testcases.HomeTest@1151e434]" started-at="2024-07-02T22:53:47 GMT-03:00" name="teardown" finished-at="2024-07-02T22:53:49 GMT-03:00" duration-ms="2299" status="PASS">
          <reporter-output>
          </reporter-output>
        </test-method> <!-- teardown -->
      </class> <!-- com.sauce.testcases.HomeTest -->
      <class name="com.sauce.testcases.LoginTest">
        <test-method is-config="true" signature="init()[pri:0, instance:com.sauce.testcases.LoginTest@e15b7e8]" started-at="2024-07-02T22:53:21 GMT-03:00" name="init" finished-at="2024-07-02T22:53:25 GMT-03:00" duration-ms="3647" status="PASS">
          <reporter-output>
          </reporter-output>
        </test-method> <!-- init -->
        <test-method signature="invalidLogin()[pri:0, instance:com.sauce.testcases.LoginTest@e15b7e8]" started-at="2024-07-02T22:53:25 GMT-03:00" name="invalidLogin" finished-at="2024-07-02T22:53:26 GMT-03:00" duration-ms="755" status="PASS">
          <reporter-output>
          </reporter-output>
        </test-method> <!-- invalidLogin -->
        <test-method is-config="true" signature="teardown()[pri:0, instance:com.sauce.testcases.LoginTest@e15b7e8]" started-at="2024-07-02T22:53:26 GMT-03:00" name="teardown" finished-at="2024-07-02T22:53:26 GMT-03:00" duration-ms="304" status="PASS">
          <reporter-output>
          </reporter-output>
        </test-method> <!-- teardown -->
        <test-method is-config="true" signature="init()[pri:0, instance:com.sauce.testcases.LoginTest@e15b7e8]" started-at="2024-07-02T22:53:26 GMT-03:00" name="init" finished-at="2024-07-02T22:53:29 GMT-03:00" duration-ms="2601" status="PASS">
          <reporter-output>
          </reporter-output>
        </test-method> <!-- init -->
        <test-method signature="validLogin()[pri:0, instance:com.sauce.testcases.LoginTest@e15b7e8]" started-at="2024-07-02T22:53:29 GMT-03:00" name="validLogin" finished-at="2024-07-02T22:53:30 GMT-03:00" duration-ms="913" status="PASS">
          <reporter-output>
          </reporter-output>
        </test-method> <!-- validLogin -->
        <test-method is-config="true" signature="teardown()[pri:0, instance:com.sauce.testcases.LoginTest@e15b7e8]" started-at="2024-07-02T22:53:30 GMT-03:00" name="teardown" finished-at="2024-07-02T22:53:30 GMT-03:00" duration-ms="259" status="PASS">
          <reporter-output>
          </reporter-output>
        </test-method> <!-- teardown -->
      </class> <!-- com.sauce.testcases.LoginTest -->
    </test> <!-- Test -->
  </suite> <!-- Suite -->
</testng-results>
