<?xml version="1.0" encoding="UTF-8"?>
<testng-results ignored="0" total="2" passed="2" failed="0" skipped="0">
  <reporter-output>
  </reporter-output>
  <suite started-at="2024-06-28T23:11:47 GMT-03:00" name="Default suite" finished-at="2024-06-28T23:11:55 GMT-03:00" duration-ms="7560">
    <groups>
    </groups>
    <test started-at="2024-06-28T23:11:47 GMT-03:00" name="Default test" finished-at="2024-06-28T23:11:55 GMT-03:00" duration-ms="7560">
      <class name="com.sauce.testcases.LoginTest">
        <test-method is-config="true" signature="init()[pri:0, instance:com.sauce.testcases.LoginTest@6fd83fc1]" started-at="2024-06-28T23:11:47 GMT-03:00" name="init" finished-at="2024-06-28T23:11:51 GMT-03:00" duration-ms="3542" status="PASS">
          <reporter-output>
          </reporter-output>
        </test-method> <!-- init -->
        <test-method signature="invalidLogin()[pri:0, instance:com.sauce.testcases.LoginTest@6fd83fc1]" started-at="2024-06-28T23:11:51 GMT-03:00" name="invalidLogin" finished-at="2024-06-28T23:11:51 GMT-03:00" duration-ms="445" status="PASS">
          <reporter-output>
          </reporter-output>
        </test-method> <!-- invalidLogin -->
        <test-method is-config="true" signature="teardown()[pri:0, instance:com.sauce.testcases.LoginTest@6fd83fc1]" started-at="2024-06-28T23:11:51 GMT-03:00" name="teardown" finished-at="2024-06-28T23:11:52 GMT-03:00" duration-ms="370" status="PASS">
          <reporter-output>
          </reporter-output>
        </test-method> <!-- teardown -->
        <test-method is-config="true" signature="init()[pri:0, instance:com.sauce.testcases.LoginTest@6fd83fc1]" started-at="2024-06-28T23:11:52 GMT-03:00" name="init" finished-at="2024-06-28T23:11:54 GMT-03:00" duration-ms="2296" status="PASS">
          <reporter-output>
          </reporter-output>
        </test-method> <!-- init -->
        <test-method signature="validLogin()[pri:0, instance:com.sauce.testcases.LoginTest@6fd83fc1]" started-at="2024-06-28T23:11:54 GMT-03:00" name="validLogin" finished-at="2024-06-28T23:11:54 GMT-03:00" duration-ms="503" status="PASS">
          <reporter-output>
          </reporter-output>
        </test-method> <!-- validLogin -->
        <test-method is-config="true" signature="teardown()[pri:0, instance:com.sauce.testcases.LoginTest@6fd83fc1]" started-at="2024-06-28T23:11:54 GMT-03:00" name="teardown" finished-at="2024-06-28T23:11:55 GMT-03:00" duration-ms="316" status="PASS">
          <reporter-output>
          </reporter-output>
        </test-method> <!-- teardown -->
      </class> <!-- com.sauce.testcases.LoginTest -->
    </test> <!-- Default test -->
  </suite> <!-- Default suite -->
</testng-results>
